<?xml version="1.0" encoding="UTF-8"?>
<coverage generated="1552841667605" clover="3.2.0">
  <project timestamp="1552841667605" name="All files">
    <metrics statements="46" coveredstatements="46" conditionals="27" coveredconditionals="26" methods="7" coveredmethods="7" elements="80" coveredelements="79" complexity="0" loc="46" ncloc="46" packages="1" files="1" classes="1"/>
    <file name="pet.js" path="/Users/russ/Projects/virtual-pet/src/pet.js">
      <metrics statements="46" coveredstatements="46" conditionals="27" coveredconditionals="26" methods="7" coveredmethods="7"/>
      <line num="1" count="1" type="stmt"/>
      <line num="2" count="1" type="stmt"/>
      <line num="3" count="1" type="stmt"/>
      <line num="5" count="1" type="stmt"/>
      <line num="6" count="1" type="stmt"/>
      <line num="7" count="1" type="stmt"/>
      <line num="9" count="1" type="stmt"/>
      <line num="12" count="22" type="stmt"/>
      <line num="13" count="22" type="stmt"/>
      <line num="14" count="22" type="stmt"/>
      <line num="15" count="22" type="stmt"/>
      <line num="16" count="22" type="stmt"/>
      <line num="19" count="1" type="stmt"/>
      <line num="21" count="17" type="cond" truecount="3" falsecount="0"/>
      <line num="25" count="1" type="stmt"/>
      <line num="26" count="3" type="stmt"/>
      <line num="29" count="1" type="stmt"/>
      <line num="30" count="6" type="cond" truecount="2" falsecount="0"/>
      <line num="31" count="1" type="stmt"/>
      <line num="34" count="5" type="stmt"/>
      <line num="35" count="5" type="stmt"/>
      <line num="36" count="5" type="stmt"/>
      <line num="40" count="1" type="stmt"/>
      <line num="41" count="3" type="cond" truecount="2" falsecount="0"/>
      <line num="42" count="1" type="stmt"/>
      <line num="45" count="2" type="cond" truecount="2" falsecount="0"/>
      <line num="46" count="1" type="stmt"/>
      <line num="48" count="1" type="stmt"/>
      <line num="52" count="1" type="stmt"/>
      <line num="53" count="3" type="cond" truecount="2" falsecount="0"/>
      <line num="54" count="1" type="stmt"/>
      <line num="57" count="2" type="cond" truecount="2" falsecount="0"/>
      <line num="58" count="1" type="stmt"/>
      <line num="60" count="1" type="stmt"/>
      <line num="64" count="1" type="stmt"/>
      <line num="65" count="5" type="cond" truecount="2" falsecount="0"/>
      <line num="66" count="1" type="stmt"/>
      <line num="69" count="4" type="cond" truecount="4" falsecount="0"/>
      <line num="70" count="1" type="stmt"/>
      <line num="72" count="3" type="cond" truecount="4" falsecount="0"/>
      <line num="73" count="1" type="stmt"/>
      <line num="75" count="2" type="cond" truecount="2" falsecount="0"/>
      <line num="76" count="1" type="stmt"/>
      <line num="78" count="1" type="cond" truecount="1" falsecount="1"/>
      <line num="79" count="1" type="stmt"/>
      <line num="82" count="1" type="stmt"/>
    </file>
  </project>
</coverage>
