{"/Users/russ/Projects/virtual-pet/src/pet.js": {"path":"/Users/russ/Projects/virtual-pet/src/pet.js","statementMap":{"0":{"start":{"line":3,"column":24},"end":{"line":3,"column":26}},"1":{"start":{"line":4,"column":25},"end":{"line":4,"column":26}},"2":{"start":{"line":5,"column":25},"end":{"line":5,"column":26}},"3":{"start":{"line":7,"column":24},"end":{"line":7,"column":25}},"4":{"start":{"line":8,"column":24},"end":{"line":8,"column":25}},"5":{"start":{"line":9,"column":23},"end":{"line":9,"column":24}},"6":{"start":{"line":11,"column":21},"end":{"line":11,"column":22}},"7":{"start":{"line":14,"column":4},"end":{"line":14,"column":21}},"8":{"start":{"line":15,"column":4},"end":{"line":15,"column":17}},"9":{"start":{"line":16,"column":4},"end":{"line":16,"column":20}},"10":{"start":{"line":17,"column":4},"end":{"line":17,"column":22}},"11":{"start":{"line":18,"column":4},"end":{"line":18,"column":23}},"12":{"start":{"line":21,"column":0},"end":{"line":25,"column":2}},"13":{"start":{"line":23,"column":8},"end":{"line":23,"column":69}},"14":{"start":{"line":27,"column":0},"end":{"line":30,"column":2}},"15":{"start":{"line":28,"column":4},"end":{"line":28,"column":30}},"16":{"start":{"line":29,"column":4},"end":{"line":29,"column":26}},"17":{"start":{"line":32,"column":0},"end":{"line":41,"column":2}},"18":{"start":{"line":33,"column":4},"end":{"line":35,"column":5}},"19":{"start":{"line":34,"column":8},"end":{"line":34,"column":58}},"20":{"start":{"line":37,"column":4},"end":{"line":37,"column":29}},"21":{"start":{"line":38,"column":4},"end":{"line":38,"column":35}},"22":{"start":{"line":39,"column":4},"end":{"line":39,"column":37}},"23":{"start":{"line":43,"column":0},"end":{"line":53,"column":2}},"24":{"start":{"line":44,"column":4},"end":{"line":46,"column":5}},"25":{"start":{"line":45,"column":8},"end":{"line":45,"column":58}},"26":{"start":{"line":48,"column":4},"end":{"line":52,"column":5}},"27":{"start":{"line":49,"column":8},"end":{"line":49,"column":41}},"28":{"start":{"line":51,"column":8},"end":{"line":51,"column":39}},"29":{"start":{"line":55,"column":0},"end":{"line":65,"column":2}},"30":{"start":{"line":56,"column":4},"end":{"line":58,"column":5}},"31":{"start":{"line":57,"column":8},"end":{"line":57,"column":58}},"32":{"start":{"line":60,"column":4},"end":{"line":64,"column":5}},"33":{"start":{"line":61,"column":8},"end":{"line":61,"column":52}},"34":{"start":{"line":63,"column":8},"end":{"line":63,"column":37}},"35":{"start":{"line":67,"column":0},"end":{"line":83,"column":2}},"36":{"start":{"line":68,"column":4},"end":{"line":70,"column":5}},"37":{"start":{"line":69,"column":8},"end":{"line":69,"column":58}},"38":{"start":{"line":72,"column":4},"end":{"line":82,"column":28}},"39":{"start":{"line":73,"column":8},"end":{"line":73,"column":47}},"40":{"start":{"line":75,"column":9},"end":{"line":82,"column":28}},"41":{"start":{"line":76,"column":8},"end":{"line":76,"column":30}},"42":{"start":{"line":78,"column":9},"end":{"line":82,"column":28}},"43":{"start":{"line":79,"column":8},"end":{"line":79,"column":30}},"44":{"start":{"line":81,"column":9},"end":{"line":82,"column":28}},"45":{"start":{"line":82,"column":8},"end":{"line":82,"column":28}},"46":{"start":{"line":84,"column":0},"end":{"line":84,"column":21}}},"fnMap":{"0":{"name":"Pet","decl":{"start":{"line":13,"column":9},"end":{"line":13,"column":12}},"loc":{"start":{"line":13,"column":19},"end":{"line":19,"column":1}},"line":13},"1":{"name":"(anonymous_1)","decl":{"start":{"line":22,"column":4},"end":{"line":22,"column":5}},"loc":{"start":{"line":22,"column":18},"end":{"line":24,"column":5}},"line":22},"2":{"name":"(anonymous_2)","decl":{"start":{"line":27,"column":27},"end":{"line":27,"column":28}},"loc":{"start":{"line":27,"column":43},"end":{"line":30,"column":1}},"line":27},"3":{"name":"(anonymous_3)","decl":{"start":{"line":32,"column":23},"end":{"line":32,"column":24}},"loc":{"start":{"line":32,"column":34},"end":{"line":41,"column":1}},"line":32},"4":{"name":"(anonymous_4)","decl":{"start":{"line":43,"column":21},"end":{"line":43,"column":22}},"loc":{"start":{"line":43,"column":32},"end":{"line":53,"column":1}},"line":43},"5":{"name":"(anonymous_5)","decl":{"start":{"line":55,"column":21},"end":{"line":55,"column":22}},"loc":{"start":{"line":55,"column":32},"end":{"line":65,"column":1}},"line":55},"6":{"name":"(anonymous_6)","decl":{"start":{"line":67,"column":24},"end":{"line":67,"column":25}},"loc":{"start":{"line":67,"column":35},"end":{"line":83,"column":1}},"line":67}},"branchMap":{"0":{"loc":{"start":{"line":23,"column":15},"end":{"line":23,"column":68}},"type":"binary-expr","locations":[{"start":{"line":23,"column":15},"end":{"line":23,"column":28}},{"start":{"line":23,"column":32},"end":{"line":23,"column":48}},{"start":{"line":23,"column":52},"end":{"line":23,"column":68}}],"line":23},"1":{"loc":{"start":{"line":33,"column":4},"end":{"line":35,"column":5}},"type":"if","locations":[{"start":{"line":33,"column":4},"end":{"line":35,"column":5}},{"start":{"line":33,"column":4},"end":{"line":35,"column":5}}],"line":33},"2":{"loc":{"start":{"line":44,"column":4},"end":{"line":46,"column":5}},"type":"if","locations":[{"start":{"line":44,"column":4},"end":{"line":46,"column":5}},{"start":{"line":44,"column":4},"end":{"line":46,"column":5}}],"line":44},"3":{"loc":{"start":{"line":48,"column":4},"end":{"line":52,"column":5}},"type":"if","locations":[{"start":{"line":48,"column":4},"end":{"line":52,"column":5}},{"start":{"line":48,"column":4},"end":{"line":52,"column":5}}],"line":48},"4":{"loc":{"start":{"line":56,"column":4},"end":{"line":58,"column":5}},"type":"if","locations":[{"start":{"line":56,"column":4},"end":{"line":58,"column":5}},{"start":{"line":56,"column":4},"end":{"line":58,"column":5}}],"line":56},"5":{"loc":{"start":{"line":60,"column":4},"end":{"line":64,"column":5}},"type":"if","locations":[{"start":{"line":60,"column":4},"end":{"line":64,"column":5}},{"start":{"line":60,"column":4},"end":{"line":64,"column":5}}],"line":60},"6":{"loc":{"start":{"line":68,"column":4},"end":{"line":70,"column":5}},"type":"if","locations":[{"start":{"line":68,"column":4},"end":{"line":70,"column":5}},{"start":{"line":68,"column":4},"end":{"line":70,"column":5}}],"line":68},"7":{"loc":{"start":{"line":72,"column":4},"end":{"line":82,"column":28}},"type":"if","locations":[{"start":{"line":72,"column":4},"end":{"line":82,"column":28}},{"start":{"line":72,"column":4},"end":{"line":82,"column":28}}],"line":72},"8":{"loc":{"start":{"line":72,"column":7},"end":{"line":72,"column":44}},"type":"binary-expr","locations":[{"start":{"line":72,"column":7},"end":{"line":72,"column":23}},{"start":{"line":72,"column":27},"end":{"line":72,"column":44}}],"line":72},"9":{"loc":{"start":{"line":75,"column":9},"end":{"line":82,"column":28}},"type":"if","locations":[{"start":{"line":75,"column":9},"end":{"line":82,"column":28}},{"start":{"line":75,"column":9},"end":{"line":82,"column":28}}],"line":75},"10":{"loc":{"start":{"line":75,"column":12},"end":{"line":75,"column":49}},"type":"binary-expr","locations":[{"start":{"line":75,"column":12},"end":{"line":75,"column":28}},{"start":{"line":75,"column":32},"end":{"line":75,"column":49}}],"line":75},"11":{"loc":{"start":{"line":78,"column":9},"end":{"line":82,"column":28}},"type":"if","locations":[{"start":{"line":78,"column":9},"end":{"line":82,"column":28}},{"start":{"line":78,"column":9},"end":{"line":82,"column":28}}],"line":78},"12":{"loc":{"start":{"line":81,"column":9},"end":{"line":82,"column":28}},"type":"if","locations":[{"start":{"line":81,"column":9},"end":{"line":82,"column":28}},{"start":{"line":81,"column":9},"end":{"line":82,"column":28}}],"line":81}},"s":{"0":1,"1":1,"2":1,"3":1,"4":1,"5":1,"6":1,"7":19,"8":19,"9":19,"10":19,"11":19,"12":1,"13":17,"14":1,"15":1,"16":1,"17":1,"18":6,"19":1,"20":5,"21":5,"22":5,"23":1,"24":3,"25":1,"26":2,"27":1,"28":1,"29":1,"30":3,"31":1,"32":2,"33":1,"34":1,"35":1,"36":5,"37":1,"38":4,"39":1,"40":3,"41":1,"42":2,"43":1,"44":1,"45":1,"46":1},"f":{"0":19,"1":17,"2":1,"3":6,"4":3,"5":3,"6":5},"b":{"0":[17,14,14],"1":[1,5],"2":[1,2],"3":[1,1],"4":[1,2],"5":[1,1],"6":[1,4],"7":[1,3],"8":[4,2],"9":[1,2],"10":[3,2],"11":[1,1],"12":[1,0]},"_coverageSchema":"43e27e138ebf9cfc5966b082cf9a028302ed4184","hash":"c91d661c687b524fe76348aa079691c2cc3f9fb1"}
}
