{"/Users/russ/Projects/virtual-pet/src/pet.js": {"path":"/Users/russ/Projects/virtual-pet/src/pet.js","statementMap":{"0":{"start":{"line":1,"column":24},"end":{"line":1,"column":26}},"1":{"start":{"line":2,"column":25},"end":{"line":2,"column":26}},"2":{"start":{"line":3,"column":25},"end":{"line":3,"column":26}},"3":{"start":{"line":5,"column":24},"end":{"line":5,"column":25}},"4":{"start":{"line":6,"column":24},"end":{"line":6,"column":25}},"5":{"start":{"line":7,"column":23},"end":{"line":7,"column":24}},"6":{"start":{"line":9,"column":21},"end":{"line":9,"column":22}},"7":{"start":{"line":12,"column":4},"end":{"line":12,"column":21}},"8":{"start":{"line":13,"column":4},"end":{"line":13,"column":17}},"9":{"start":{"line":14,"column":4},"end":{"line":14,"column":20}},"10":{"start":{"line":15,"column":4},"end":{"line":15,"column":22}},"11":{"start":{"line":16,"column":4},"end":{"line":16,"column":23}},"12":{"start":{"line":19,"column":0},"end":{"line":23,"column":2}},"13":{"start":{"line":21,"column":8},"end":{"line":21,"column":69}},"14":{"start":{"line":25,"column":0},"end":{"line":27,"column":2}},"15":{"start":{"line":26,"column":4},"end":{"line":26,"column":30}},"16":{"start":{"line":29,"column":0},"end":{"line":38,"column":2}},"17":{"start":{"line":30,"column":4},"end":{"line":32,"column":5}},"18":{"start":{"line":31,"column":8},"end":{"line":31,"column":58}},"19":{"start":{"line":34,"column":4},"end":{"line":34,"column":29}},"20":{"start":{"line":35,"column":4},"end":{"line":35,"column":35}},"21":{"start":{"line":36,"column":4},"end":{"line":36,"column":37}},"22":{"start":{"line":40,"column":0},"end":{"line":50,"column":2}},"23":{"start":{"line":41,"column":4},"end":{"line":43,"column":5}},"24":{"start":{"line":42,"column":8},"end":{"line":42,"column":58}},"25":{"start":{"line":45,"column":4},"end":{"line":49,"column":5}},"26":{"start":{"line":46,"column":8},"end":{"line":46,"column":41}},"27":{"start":{"line":48,"column":8},"end":{"line":48,"column":39}},"28":{"start":{"line":52,"column":0},"end":{"line":62,"column":2}},"29":{"start":{"line":53,"column":4},"end":{"line":55,"column":5}},"30":{"start":{"line":54,"column":8},"end":{"line":54,"column":58}},"31":{"start":{"line":57,"column":4},"end":{"line":61,"column":5}},"32":{"start":{"line":58,"column":8},"end":{"line":58,"column":52}},"33":{"start":{"line":60,"column":8},"end":{"line":60,"column":37}},"34":{"start":{"line":64,"column":0},"end":{"line":80,"column":2}},"35":{"start":{"line":65,"column":4},"end":{"line":67,"column":5}},"36":{"start":{"line":66,"column":8},"end":{"line":66,"column":58}},"37":{"start":{"line":69,"column":4},"end":{"line":79,"column":28}},"38":{"start":{"line":70,"column":8},"end":{"line":70,"column":47}},"39":{"start":{"line":72,"column":9},"end":{"line":79,"column":28}},"40":{"start":{"line":73,"column":8},"end":{"line":73,"column":30}},"41":{"start":{"line":75,"column":9},"end":{"line":79,"column":28}},"42":{"start":{"line":76,"column":8},"end":{"line":76,"column":30}},"43":{"start":{"line":78,"column":9},"end":{"line":79,"column":28}},"44":{"start":{"line":79,"column":8},"end":{"line":79,"column":28}},"45":{"start":{"line":82,"column":0},"end":{"line":82,"column":21}}},"fnMap":{"0":{"name":"Pet","decl":{"start":{"line":11,"column":9},"end":{"line":11,"column":12}},"loc":{"start":{"line":11,"column":19},"end":{"line":17,"column":1}},"line":11},"1":{"name":"(anonymous_1)","decl":{"start":{"line":20,"column":4},"end":{"line":20,"column":5}},"loc":{"start":{"line":20,"column":18},"end":{"line":22,"column":5}},"line":20},"2":{"name":"(anonymous_2)","decl":{"start":{"line":25,"column":27},"end":{"line":25,"column":28}},"loc":{"start":{"line":25,"column":43},"end":{"line":27,"column":1}},"line":25},"3":{"name":"(anonymous_3)","decl":{"start":{"line":29,"column":23},"end":{"line":29,"column":24}},"loc":{"start":{"line":29,"column":34},"end":{"line":38,"column":1}},"line":29},"4":{"name":"(anonymous_4)","decl":{"start":{"line":40,"column":21},"end":{"line":40,"column":22}},"loc":{"start":{"line":40,"column":32},"end":{"line":50,"column":1}},"line":40},"5":{"name":"(anonymous_5)","decl":{"start":{"line":52,"column":21},"end":{"line":52,"column":22}},"loc":{"start":{"line":52,"column":32},"end":{"line":62,"column":1}},"line":52},"6":{"name":"(anonymous_6)","decl":{"start":{"line":64,"column":24},"end":{"line":64,"column":25}},"loc":{"start":{"line":64,"column":35},"end":{"line":80,"column":1}},"line":64}},"branchMap":{"0":{"loc":{"start":{"line":21,"column":15},"end":{"line":21,"column":68}},"type":"binary-expr","locations":[{"start":{"line":21,"column":15},"end":{"line":21,"column":28}},{"start":{"line":21,"column":32},"end":{"line":21,"column":48}},{"start":{"line":21,"column":52},"end":{"line":21,"column":68}}],"line":21},"1":{"loc":{"start":{"line":30,"column":4},"end":{"line":32,"column":5}},"type":"if","locations":[{"start":{"line":30,"column":4},"end":{"line":32,"column":5}},{"start":{"line":30,"column":4},"end":{"line":32,"column":5}}],"line":30},"2":{"loc":{"start":{"line":41,"column":4},"end":{"line":43,"column":5}},"type":"if","locations":[{"start":{"line":41,"column":4},"end":{"line":43,"column":5}},{"start":{"line":41,"column":4},"end":{"line":43,"column":5}}],"line":41},"3":{"loc":{"start":{"line":45,"column":4},"end":{"line":49,"column":5}},"type":"if","locations":[{"start":{"line":45,"column":4},"end":{"line":49,"column":5}},{"start":{"line":45,"column":4},"end":{"line":49,"column":5}}],"line":45},"4":{"loc":{"start":{"line":53,"column":4},"end":{"line":55,"column":5}},"type":"if","locations":[{"start":{"line":53,"column":4},"end":{"line":55,"column":5}},{"start":{"line":53,"column":4},"end":{"line":55,"column":5}}],"line":53},"5":{"loc":{"start":{"line":57,"column":4},"end":{"line":61,"column":5}},"type":"if","locations":[{"start":{"line":57,"column":4},"end":{"line":61,"column":5}},{"start":{"line":57,"column":4},"end":{"line":61,"column":5}}],"line":57},"6":{"loc":{"start":{"line":65,"column":4},"end":{"line":67,"column":5}},"type":"if","locations":[{"start":{"line":65,"column":4},"end":{"line":67,"column":5}},{"start":{"line":65,"column":4},"end":{"line":67,"column":5}}],"line":65},"7":{"loc":{"start":{"line":69,"column":4},"end":{"line":79,"column":28}},"type":"if","locations":[{"start":{"line":69,"column":4},"end":{"line":79,"column":28}},{"start":{"line":69,"column":4},"end":{"line":79,"column":28}}],"line":69},"8":{"loc":{"start":{"line":69,"column":7},"end":{"line":69,"column":44}},"type":"binary-expr","locations":[{"start":{"line":69,"column":7},"end":{"line":69,"column":23}},{"start":{"line":69,"column":27},"end":{"line":69,"column":44}}],"line":69},"9":{"loc":{"start":{"line":72,"column":9},"end":{"line":79,"column":28}},"type":"if","locations":[{"start":{"line":72,"column":9},"end":{"line":79,"column":28}},{"start":{"line":72,"column":9},"end":{"line":79,"column":28}}],"line":72},"10":{"loc":{"start":{"line":72,"column":12},"end":{"line":72,"column":49}},"type":"binary-expr","locations":[{"start":{"line":72,"column":12},"end":{"line":72,"column":28}},{"start":{"line":72,"column":32},"end":{"line":72,"column":49}}],"line":72},"11":{"loc":{"start":{"line":75,"column":9},"end":{"line":79,"column":28}},"type":"if","locations":[{"start":{"line":75,"column":9},"end":{"line":79,"column":28}},{"start":{"line":75,"column":9},"end":{"line":79,"column":28}}],"line":75},"12":{"loc":{"start":{"line":78,"column":9},"end":{"line":79,"column":28}},"type":"if","locations":[{"start":{"line":78,"column":9},"end":{"line":79,"column":28}},{"start":{"line":78,"column":9},"end":{"line":79,"column":28}}],"line":78}},"s":{"0":1,"1":1,"2":1,"3":1,"4":1,"5":1,"6":1,"7":22,"8":22,"9":22,"10":22,"11":22,"12":1,"13":17,"14":1,"15":3,"16":1,"17":6,"18":1,"19":5,"20":5,"21":5,"22":1,"23":3,"24":1,"25":2,"26":1,"27":1,"28":1,"29":3,"30":1,"31":2,"32":1,"33":1,"34":1,"35":5,"36":1,"37":4,"38":1,"39":3,"40":1,"41":2,"42":1,"43":1,"44":1,"45":1},"f":{"0":22,"1":17,"2":3,"3":6,"4":3,"5":3,"6":5},"b":{"0":[17,14,14],"1":[1,5],"2":[1,2],"3":[1,1],"4":[1,2],"5":[1,1],"6":[1,4],"7":[1,3],"8":[4,2],"9":[1,2],"10":[3,2],"11":[1,1],"12":[1,0]},"_coverageSchema":"43e27e138ebf9cfc5966b082cf9a028302ed4184","hash":"84c63ff6842bc9e9935471f159d79dd25fc7e565"}
}
