TN:
SF:/Users/russ/Projects/virtual-pet/src/pet.js
FN:11,Pet
FN:20,(anonymous_1)
FN:25,(anonymous_2)
FN:29,(anonymous_3)
FN:40,(anonymous_4)
FN:52,(anonymous_5)
FN:64,(anonymous_6)
FNF:7
FNH:7
FNDA:22,Pet
FNDA:17,(anonymous_1)
FNDA:3,(anonymous_2)
FNDA:6,(anonymous_3)
FNDA:3,(anonymous_4)
FNDA:3,(anonymous_5)
FNDA:5,(anonymous_6)
DA:1,1
DA:2,1
DA:3,1
DA:5,1
DA:6,1
DA:7,1
DA:9,1
DA:12,22
DA:13,22
DA:14,22
DA:15,22
DA:16,22
DA:19,1
DA:21,17
DA:25,1
DA:26,3
DA:29,1
DA:30,6
DA:31,1
DA:34,5
DA:35,5
DA:36,5
DA:40,1
DA:41,3
DA:42,1
DA:45,2
DA:46,1
DA:48,1
DA:52,1
DA:53,3
DA:54,1
DA:57,2
DA:58,1
DA:60,1
DA:64,1
DA:65,5
DA:66,1
DA:69,4
DA:70,1
DA:72,3
DA:73,1
DA:75,2
DA:76,1
DA:78,1
DA:79,1
DA:82,1
LF:46
LH:46
BRDA:21,0,0,17
BRDA:21,0,1,14
BRDA:21,0,2,14
BRDA:30,1,0,1
BRDA:30,1,1,5
BRDA:41,2,0,1
BRDA:41,2,1,2
BRDA:45,3,0,1
BRDA:45,3,1,1
BRDA:53,4,0,1
BRDA:53,4,1,2
BRDA:57,5,0,1
BRDA:57,5,1,1
BRDA:65,6,0,1
BRDA:65,6,1,4
BRDA:69,7,0,1
BRDA:69,7,1,3
BRDA:69,8,0,4
BRDA:69,8,1,2
BRDA:72,9,0,1
BRDA:72,9,1,2
BRDA:72,10,0,3
BRDA:72,10,1,2
BRDA:75,11,0,1
BRDA:75,11,1,1
BRDA:78,12,0,1
BRDA:78,12,1,0
BRF:27
BRH:26
end_of_record
