TN:
SF:/Users/russ/Projects/virtual-pet/src/pet.js
FN:13,Pet
FN:22,(anonymous_1)
FN:27,(anonymous_2)
FN:32,(anonymous_3)
FN:43,(anonymous_4)
FN:55,(anonymous_5)
FN:67,(anonymous_6)
FNF:7
FNH:7
FNDA:19,Pet
FNDA:17,(anonymous_1)
FNDA:1,(anonymous_2)
FNDA:6,(anonymous_3)
FNDA:3,(anonymous_4)
FNDA:3,(anonymous_5)
FNDA:5,(anonymous_6)
DA:3,1
DA:4,1
DA:5,1
DA:7,1
DA:8,1
DA:9,1
DA:11,1
DA:14,19
DA:15,19
DA:16,19
DA:17,19
DA:18,19
DA:21,1
DA:23,17
DA:27,1
DA:28,1
DA:29,1
DA:32,1
DA:33,6
DA:34,1
DA:37,5
DA:38,5
DA:39,5
DA:43,1
DA:44,3
DA:45,1
DA:48,2
DA:49,1
DA:51,1
DA:55,1
DA:56,3
DA:57,1
DA:60,2
DA:61,1
DA:63,1
DA:67,1
DA:68,5
DA:69,1
DA:72,4
DA:73,1
DA:75,3
DA:76,1
DA:78,2
DA:79,1
DA:81,1
DA:82,1
DA:84,1
LF:47
LH:47
BRDA:23,0,0,17
BRDA:23,0,1,14
BRDA:23,0,2,14
BRDA:33,1,0,1
BRDA:33,1,1,5
BRDA:44,2,0,1
BRDA:44,2,1,2
BRDA:48,3,0,1
BRDA:48,3,1,1
BRDA:56,4,0,1
BRDA:56,4,1,2
BRDA:60,5,0,1
BRDA:60,5,1,1
BRDA:68,6,0,1
BRDA:68,6,1,4
BRDA:72,7,0,1
BRDA:72,7,1,3
BRDA:72,8,0,4
BRDA:72,8,1,2
BRDA:75,9,0,1
BRDA:75,9,1,2
BRDA:75,10,0,3
BRDA:75,10,1,2
BRDA:78,11,0,1
BRDA:78,11,1,1
BRDA:81,12,0,1
BRDA:81,12,1,0
BRF:27
BRH:26
end_of_record
